<?xml version="1.0" encoding="UTF-8"?>
<testsuite xmlns:xsi="http://www.w3.org/2001/XMLSchema-instance" xsi:noNamespaceSchemaLocation="https://maven.apache.org/surefire/maven-surefire-plugin/xsd/surefire-test-report.xsd" name="org.example.AppTest" time="0.059" tests="1" errors="0" skipped="0" failures="0">
  <properties>
    <property name="java.specification.version" value="15"/>
    <property name="sun.jnu.encoding" value="UTF-8"/>
    <property name="java.class.path" value="/Users/erikzhang/Desktop/demo/MybatisDemo/Mybatis_Property/target/test-classes:/Users/erikzhang/Desktop/demo/MybatisDemo/Mybatis_Property/target/classes:/Users/erikzhang/Desktop/tools/maven/localRepository/junit/junit/4.11/junit-4.11.jar:/Users/erikzhang/Desktop/tools/maven/localRepository/org/hamcrest/hamcrest-core/1.3/hamcrest-core-1.3.jar:/Users/erikzhang/Desktop/tools/maven/localRepository/org/mybatis/mybatis/3.5.7/mybatis-3.5.7.jar:/Users/erikzhang/Desktop/tools/maven/localRepository/mysql/mysql-connector-java/8.0.23/mysql-connector-java-8.0.23.jar:/Users/erikzhang/Desktop/tools/maven/localRepository/com/google/protobuf/protobuf-java/3.11.4/protobuf-java-3.11.4.jar:/Users/erikzhang/Desktop/tools/maven/localRepository/com/github/pagehelper/pagehelper/5.2.0/pagehelper-5.2.0.jar:/Users/erikzhang/Desktop/tools/maven/localRepository/com/github/jsqlparser/jsqlparser/3.2/jsqlparser-3.2.jar:"/>
    <property name="java.vm.vendor" value="Oracle Corporation"/>
    <property name="sun.arch.data.model" value="64"/>
    <property name="java.vendor.url" value="https://java.oracle.com/"/>
    <property name="os.name" value="Mac OS X"/>
    <property name="java.vm.specification.version" value="15"/>
    <property name="sun.java.launcher" value="SUN_STANDARD"/>
    <property name="user.country" value="CN"/>
    <property name="sun.boot.library.path" value="/Library/Java/JavaVirtualMachines/jdk-15.0.2.jdk/Contents/Home/lib"/>
    <property name="sun.java.command" value="/Users/erikzhang/Desktop/demo/MybatisDemo/Mybatis_Property/target/surefire/surefirebooter15377056102642831436.jar /Users/erikzhang/Desktop/demo/MybatisDemo/Mybatis_Property/target/surefire 2021-07-15T15-54-06_547-jvmRun1 surefire18016948856504462464tmp surefire_03421059819309190715tmp"/>
    <property name="jdk.debug" value="release"/>
    <property name="surefire.test.class.path" value="/Users/erikzhang/Desktop/demo/MybatisDemo/Mybatis_Property/target/test-classes:/Users/erikzhang/Desktop/demo/MybatisDemo/Mybatis_Property/target/classes:/Users/erikzhang/Desktop/tools/maven/localRepository/junit/junit/4.11/junit-4.11.jar:/Users/erikzhang/Desktop/tools/maven/localRepository/org/hamcrest/hamcrest-core/1.3/hamcrest-core-1.3.jar:/Users/erikzhang/Desktop/tools/maven/localRepository/org/mybatis/mybatis/3.5.7/mybatis-3.5.7.jar:/Users/erikzhang/Desktop/tools/maven/localRepository/mysql/mysql-connector-java/8.0.23/mysql-connector-java-8.0.23.jar:/Users/erikzhang/Desktop/tools/maven/localRepository/com/google/protobuf/protobuf-java/3.11.4/protobuf-java-3.11.4.jar:/Users/erikzhang/Desktop/tools/maven/localRepository/com/github/pagehelper/pagehelper/5.2.0/pagehelper-5.2.0.jar:/Users/erikzhang/Desktop/tools/maven/localRepository/com/github/jsqlparser/jsqlparser/3.2/jsqlparser-3.2.jar:"/>
    <property name="sun.cpu.endian" value="little"/>
    <property name="user.home" value="/Users/erikzhang"/>
    <property name="user.language" value="zh"/>
    <property name="java.specification.vendor" value="Oracle Corporation"/>
    <property name="java.version.date" value="2021-01-19"/>
    <property name="java.home" value="/Library/Java/JavaVirtualMachines/jdk-15.0.2.jdk/Contents/Home"/>
    <property name="file.separator" value="/"/>
    <property name="basedir" value="/Users/erikzhang/Desktop/demo/MybatisDemo/Mybatis_Property"/>
    <property name="java.vm.compressedOopsMode" value="Zero based"/>
    <property name="line.separator" value="&#10;"/>
    <property name="java.vm.specification.vendor" value="Oracle Corporation"/>
    <property name="java.specification.name" value="Java Platform API Specification"/>
    <property name="surefire.real.class.path" value="/Users/erikzhang/Desktop/demo/MybatisDemo/Mybatis_Property/target/surefire/surefirebooter15377056102642831436.jar"/>
    <property name="user.script" value="Hans"/>
    <property name="sun.management.compiler" value="HotSpot 64-Bit Tiered Compilers"/>
    <property name="java.runtime.version" value="15.0.2+7-27"/>
    <property name="user.name" value="erikzhang"/>
    <property name="path.separator" value=":"/>
    <property name="os.version" value="10.16"/>
    <property name="java.runtime.name" value="Java(TM) SE Runtime Environment"/>
    <property name="file.encoding" value="UTF-8"/>
    <property name="java.vm.name" value="Java HotSpot(TM) 64-Bit Server VM"/>
    <property name="localRepository" value="/Users/erikzhang/Desktop/tools/maven/localRepository"/>
    <property name="java.vendor.url.bug" value="https://bugreport.java.com/bugreport/"/>
    <property name="java.io.tmpdir" value="/var/folders/fk/lxl1vmjx2t54dbmqj9jdc1rw0000gn/T/"/>
    <property name="idea.version" value="2020.3.1"/>
    <property name="java.version" value="15.0.2"/>
    <property name="user.dir" value="/Users/erikzhang/Desktop/demo/MybatisDemo/Mybatis_Property"/>
    <property name="os.arch" value="x86_64"/>
    <property name="java.vm.specification.name" value="Java Virtual Machine Specification"/>
    <property name="java.library.path" value="/Users/erikzhang/Library/Java/Extensions:/Library/Java/Extensions:/Network/Library/Java/Extensions:/System/Library/Java/Extensions:/usr/lib/java:."/>
    <property name="java.vm.info" value="mixed mode, sharing"/>
    <property name="java.vendor" value="Oracle Corporation"/>
    <property name="java.vm.version" value="15.0.2+7-27"/>
    <property name="sun.io.unicode.encoding" value="UnicodeBig"/>
    <property name="maven.repo.local" value="/Users/erikzhang/Desktop/tools/maven/localRepository"/>
    <property name="java.class.version" value="59.0"/>
  </properties>
  <testcase name="shouldAnswerWithTrue" classname="org.example.AppTest" time="0.003"/>
</testsuite>